
------------------------
2020.05.04 10:29:42
LIST CONTACS
Array
(
    [result] => Array
        (
        )

    [total] => 0
    [time] => Array
        (
            [start] => 1588580984.225
            [finish] => 1588580984.2487
            [duration] => 0.023657083511353
            [processing] => 0.003648042678833
            [date_start] => 2020-05-04T11:29:44+03:00
            [date_finish] => 2020-05-04T11:29:44+03:00
        )

)

------------------------

------------------------
2020.05.04 10:29:42
LIST COMPANIES
Array
(
    [result] => Array
        (
        )

    [total] => 0
    [time] => Array
        (
            [start] => 1588580984.5086
            [finish] => 1588580984.5324
            [duration] => 0.023823022842407
            [processing] => 0.0027601718902588
            [date_start] => 2020-05-04T11:29:44+03:00
            [date_finish] => 2020-05-04T11:29:44+03:00
        )

)

------------------------

------------------------
2020.05.04 10:29:44
LIST CONTACS
Array
(
    [result] => Array
        (
        )

    [total] => 0
    [time] => Array
        (
            [start] => 1588580986.8144
            [finish] => 1588580986.8392
            [duration] => 0.024810075759888
            [processing] => 0.0045351982116699
            [date_start] => 2020-05-04T11:29:46+03:00
            [date_finish] => 2020-05-04T11:29:46+03:00
        )

)

------------------------

------------------------
2020.05.04 10:29:44
LIST COMPANIES
Array
(
    [result] => Array
        (
        )

    [total] => 0
    [time] => Array
        (
            [start] => 1588580987.062
            [finish] => 1588580987.0928
            [duration] => 0.030752897262573
            [processing] => 0.0029809474945068
            [date_start] => 2020-05-04T11:29:47+03:00
            [date_finish] => 2020-05-04T11:29:47+03:00
        )

)

------------------------

------------------------
2020.05.04 10:29:47
LIST CONTACS
Array
(
    [result] => Array
        (
        )

    [total] => 0
    [time] => Array
        (
            [start] => 1588580989.4596
            [finish] => 1588580989.481
            [duration] => 0.021414995193481
            [processing] => 0.0034670829772949
            [date_start] => 2020-05-04T11:29:49+03:00
            [date_finish] => 2020-05-04T11:29:49+03:00
        )

)

------------------------

------------------------
2020.05.04 10:29:47
LIST COMPANIES
Array
(
    [result] => Array
        (
        )

    [total] => 0
    [time] => Array
        (
            [start] => 1588580989.9637
            [finish] => 1588580989.9848
            [duration] => 0.021095991134644
            [processing] => 0.0031039714813232
            [date_start] => 2020-05-04T11:29:49+03:00
            [date_finish] => 2020-05-04T11:29:49+03:00
        )

)

------------------------

------------------------
2020.05.04 10:29:50
LIST CONTACS
Array
(
    [result] => Array
        (
        )

    [total] => 0
    [time] => Array
        (
            [start] => 1588580992.3213
            [finish] => 1588580992.3446
            [duration] => 0.023349046707153
            [processing] => 0.0036828517913818
            [date_start] => 2020-05-04T11:29:52+03:00
            [date_finish] => 2020-05-04T11:29:52+03:00
        )

)

------------------------

------------------------
2020.05.04 10:29:50
LIST COMPANIES
Array
(
    [result] => Array
        (
        )

    [total] => 0
    [time] => Array
        (
            [start] => 1588580992.5849
            [finish] => 1588580992.6069
            [duration] => 0.022047996520996
            [processing] => 0.0034389495849609
            [date_start] => 2020-05-04T11:29:52+03:00
            [date_finish] => 2020-05-04T11:29:52+03:00
        )

)

------------------------

------------------------
2020.05.04 10:29:52
LIST CONTACS
Array
(
    [result] => Array
        (
        )

    [total] => 0
    [time] => Array
        (
            [start] => 1588580994.9635
            [finish] => 1588580994.9876
            [duration] => 0.024105787277222
            [processing] => 0.0038559436798096
            [date_start] => 2020-05-04T11:29:54+03:00
            [date_finish] => 2020-05-04T11:29:54+03:00
        )

)

------------------------

------------------------
2020.05.04 10:29:53
LIST COMPANIES
Array
(
    [result] => Array
        (
        )

    [total] => 0
    [time] => Array
        (
            [start] => 1588580995.2414
            [finish] => 1588580995.2646
            [duration] => 0.023148059844971
            [processing] => 0.0027749538421631
            [date_start] => 2020-05-04T11:29:55+03:00
            [date_finish] => 2020-05-04T11:29:55+03:00
        )

)

------------------------

------------------------
2020.05.04 10:29:55
LIST CONTACS
Array
(
    [result] => Array
        (
        )

    [total] => 0
    [time] => Array
        (
            [start] => 1588580997.6032
            [finish] => 1588580997.6256
            [duration] => 0.022411108016968
            [processing] => 0.0037500858306885
            [date_start] => 2020-05-04T11:29:57+03:00
            [date_finish] => 2020-05-04T11:29:57+03:00
        )

)

------------------------

------------------------
2020.05.04 10:29:55
LIST COMPANIES
Array
(
    [result] => Array
        (
        )

    [total] => 0
    [time] => Array
        (
            [start] => 1588580997.8671
            [finish] => 1588580997.8903
            [duration] => 0.023212194442749
            [processing] => 0.0028641223907471
            [date_start] => 2020-05-04T11:29:57+03:00
            [date_finish] => 2020-05-04T11:29:57+03:00
        )

)

------------------------

------------------------
2020.05.04 10:29:58
LIST CONTACS
Array
(
    [result] => Array
        (
        )

    [total] => 0
    [time] => Array
        (
            [start] => 1588581000.2189
            [finish] => 1588581000.2423
            [duration] => 0.02339506149292
            [processing] => 0.0050010681152344
            [date_start] => 2020-05-04T11:30:00+03:00
            [date_finish] => 2020-05-04T11:30:00+03:00
        )

)

------------------------

------------------------
2020.05.04 10:29:58
LIST COMPANIES
Array
(
    [result] => Array
        (
        )

    [total] => 0
    [time] => Array
        (
            [start] => 1588581000.4655
            [finish] => 1588581000.4876
            [duration] => 0.022122144699097
            [processing] => 0.002856969833374
            [date_start] => 2020-05-04T11:30:00+03:00
            [date_finish] => 2020-05-04T11:30:00+03:00
        )

)

------------------------

------------------------
2020.05.04 10:30:00
LIST CONTACS
Array
(
    [result] => Array
        (
        )

    [total] => 0
    [time] => Array
        (
            [start] => 1588581002.8184
            [finish] => 1588581002.8453
            [duration] => 0.026889085769653
            [processing] => 0.0037658214569092
            [date_start] => 2020-05-04T11:30:02+03:00
            [date_finish] => 2020-05-04T11:30:02+03:00
        )

)

------------------------

------------------------
2020.05.04 10:30:00
LIST COMPANIES
Array
(
    [result] => Array
        (
        )

    [total] => 0
    [time] => Array
        (
            [start] => 1588581003.0725
            [finish] => 1588581003.0996
            [duration] => 0.027075052261353
            [processing] => 0.0031330585479736
            [date_start] => 2020-05-04T11:30:03+03:00
            [date_finish] => 2020-05-04T11:30:03+03:00
        )

)

------------------------
